7:05 AM 3/10/2018 child=Lily temperature=101.8 medicine=ibuprofen
8:14 AM 3/10/2018 child=Lily temperature=100.6 
9:12 AM 3/10/2018 child=Lily temperature=100.0 
9:55 AM 3/10/2018 child=Lily temperature=99.8 
10:36 AM 3/10/2018 child=Lily temperature=100.2 
11:22 AM 3/10/2018 child=Lily temperature=100.4 
11:37 AM 3/10/2018 child=Lily temperature=99.8 
12:30 PM 3/10/2018 child=Lily temperature=101.3 
12:31 PM 3/10/2018 child=Lily temperature=101.3 medicine=ibuprofen
12:53 PM 3/10/2018 child=Lily temperature=101.3 
1:51 PM 3/10/2018 child=Lily temperature=100.4 
2:19 PM 3/10/2018 child=Lily temperature=100.8 medicine=acetaminophen
2:52 PM 3/10/2018 child=Lily temperature=101.6 
3:17 PM 3/10/2018 child=Lily temperature=100.6 
3:56 PM 3/10/2018 child=Lily temperature=99.8 
7:31 PM 3/10/2018 child=Lily temperature=102.9 medicine=ibuprofen
8:30 PM 3/10/2018 child=Lily temperature=103.5 
9:47 PM 3/10/2018 child=Lily temperature=101.8 
10:07 PM 3/10/2018 child=Lily temperature=101.2 
11:34 PM 3/10/2018 child=Lily temperature=102.2 medicine=acetaminophen
2:05 AM 3/11/2018 child=Lily temperature=101.3 
5:18 AM 3/11/2018 child=Lily temperature=102.8 medicine=ibuprofen
10:31 AM 3/11/2018 child=Lily temperature=102.0 medicine=acetaminophen
2:37 PM 3/11/2018 child=Lily temperature=103.1 medicine=ibuprofen
7:30 PM 3/11/2018 child=Lily temperature=104.1 medicine=acetaminophen
7:30 PM 3/11/2018 child=Ivy temperature=103.7 medicine=acetaminophen
8:25 PM 3/11/2018 child=Lily temperature=102.2 
8:26 PM 3/11/2018 child=Ivy temperature=103.4 
10:23 PM 3/11/2018 child=Lily temperature=99.9 
10:23 PM 3/11/2018 child=Ivy temperature=101.1 
2:09 AM 3/12/2018 child=Ivy temperature=103.6 medicine=ibuprofen
1:57 AM 3/12/2018 child=Lily temperature=102.4 medicine=ibuprofen
9:19 AM 3/12/2018 child=Lily temperature=101.4 medicine=acetaminophen
9:20 AM 3/12/2018 child=Ivy temperature=100.1 
12:02 PM 3/12/2018 child=Ivy temperature=101.7 medicine=mucinex
12:02 PM 3/12/2018 child=Lily temperature=101.2 medicine=ibuprofen
2:13 PM 3/12/2018 child=Ivy temperature=99.6 
2:13 PM 3/12/2018 child=Lily temperature=100.0 
3:39 PM 3/12/2018 child=Lily temperature=100.1 
3:54 PM 3/12/2018 child=Ivy temperature=99.6 
4:43 PM 3/12/2018 child=Ivy temperature=99.6 
4:43 PM 3/12/2018 child=Lily temperature=103.1 medicine=ibuprofen
6:27 PM 3/12/2018 child=Lily temperature=101.5 
9:45 PM 3/12/2018 child=Lily temperature=102.5 medicine=acetaminophen
11:19 PM 3/12/2018 child=Lily temperature=103.4 
11:19 PM 3/12/2018 child=Ivy temperature=99.5 
12:15 AM 3/13/2018 child=Lily temperature=102.3 
1:15 AM 3/13/2018 child=Lily temperature=101.1 
2:00 AM 3/13/2018 child=Lily temperature=99.4 
6:10 AM 3/13/2018 child=Lily temperature=99.3 
8:00 AM 3/13/2018 child=Lily temperature=102.5 medicine=ibuprofen
8:10 AM 3/13/2018 child=Ivy temperature=98.7 
9:52 AM 3/13/2018 child=Lily temperature=100.0 
9:54 AM 3/13/2018 child=Ivy temperature=98 
12:31 PM 3/13/2018 child=Lily temperature=102.7 medicine=acetaminophen
3:26 PM 3/13/2018 child=Lily temperature=103.5 medicine=ibuprofen
6:15 PM 3/13/2018 child=Lily temperature=100.9 
9:12 PM 3/13/2018 child=Lily temperature=101.4 
1:22 AM 3/14/2018 child=Lily temperature=102.4 medicine=ibuprofen
10:13 AM 3/14/2018 child=Lily temperature=102.6 medicine=acetaminophen
7:27 PM 3/13/2018 child=Lily temperature=103.2 medicine=acetaminophen
4:40 PM 3/14/2018 child=Lily temperature=102.5 medicine=ibuprofen
6:18 PM 3/14/2018 child=Lily temperature=100.7 
6:45 PM 3/14/2018 child=Kendall temperature=99.5 
8:07 PM 3/14/2018 child=Lily temperature=100.7 