08:18 Am 3/9/2018 child=Ivy temperature=98.9
08:31 Am 3/9/2018 child=Ivy temperature=98.5 medicine=Ibuprofen
08:51 Am 3/9/2018 child=Ivy temperature=98.6
09:09 Am 3/9/2018 child=Ivy temperature=98.7
09:25 Am 3/9/2018 child=Ivy temperature=98.9
09:41 Am 3/9/2018 child=Ivy temperature=98.5
09:59 Am 3/9/2018 child=Ivy temperature=98.8
10:12 Am 3/9/2018 child=Ivy temperature=98.6
10:28 Am 3/9/2018 child=Ivy temperature=99.0
10:45 Am 3/9/2018 child=Ivy temperature=98.7
11:00 Am 3/9/2018 child=Ivy temperature=99.1
11:17 Am 3/9/2018 child=Ivy temperature=99.4
11:32 Am 3/9/2018 child=Ivy temperature=99.3
11:45 Am 3/9/2018 child=Ivy temperature=99.1
12:04 Pm 3/9/2018 child=Ivy temperature=98.9
12:17 Pm 3/9/2018 child=Ivy temperature=98.5 medicine=Acetaminophen
12:37 Pm 3/9/2018 child=Ivy temperature=98.6
12:52 Pm 3/9/2018 child=Ivy temperature=98.2
01:06 Pm 3/9/2018 child=Ivy temperature=97.8
01:20 Pm 3/9/2018 child=Ivy temperature=98.2
01:38 Pm 3/9/2018 child=Ivy temperature=98.6
01:51 Pm 3/9/2018 child=Ivy temperature=98.5
02:09 Pm 3/9/2018 child=Ivy temperature=98.4
02:25 Pm 3/9/2018 child=Ivy temperature=98.2
02:44 Pm 3/9/2018 child=Ivy temperature=98.6
03:03 Pm 3/9/2018 child=Ivy temperature=98.3
03:16 Pm 3/9/2018 child=Ivy temperature=98.0
03:29 Pm 3/9/2018 child=Ivy temperature=98.2
03:47 Pm 3/9/2018 child=Ivy temperature=98.0
04:06 Pm 3/9/2018 child=Ivy temperature=98.4
04:26 Pm 3/9/2018 child=Ivy temperature=98.3 medicine=Ibuprofen
04:41 Pm 3/9/2018 child=Ivy temperature=98.7
04:56 Pm 3/9/2018 child=Ivy temperature=99.0
05:11 Pm 3/9/2018 child=Ivy temperature=99.1
05:29 Pm 3/9/2018 child=Ivy temperature=98.7
05:45 Pm 3/9/2018 child=Ivy temperature=98.3
06:04 Pm 3/9/2018 child=Ivy temperature=98.0
06:19 Pm 3/9/2018 child=Ivy temperature=98.1
06:35 Pm 3/9/2018 child=Ivy temperature=98.2
06:48 Pm 3/9/2018 child=Ivy temperature=98.6
07:04 Pm 3/9/2018 child=Ivy temperature=98.5
07:21 Pm 3/9/2018 child=Ivy temperature=98.1
07:37 Pm 3/9/2018 child=Ivy temperature=98.3
07:55 Pm 3/9/2018 child=Ivy temperature=98.0
08:14 Pm 3/9/2018 child=Ivy temperature=98.4
08:31 Pm 3/9/2018 child=Ivy temperature=98.5 medicine=Acetaminophen
08:49 Pm 3/9/2018 child=Ivy temperature=98.9
09:04 Pm 3/9/2018 child=Ivy temperature=98.5
08:13 Am 3/9/2018 child=Kendall temperature=100.8
08:28 Am 3/9/2018 child=Kendall temperature=101.0 medicine=Ibuprofen
08:44 Am 3/9/2018 child=Kendall temperature=100.6
09:04 Am 3/9/2018 child=Kendall temperature=100.7
09:18 Am 3/9/2018 child=Kendall temperature=101.1
09:31 Am 3/9/2018 child=Kendall temperature=100.7
09:50 Am 3/9/2018 child=Kendall temperature=100.5
10:05 Am 3/9/2018 child=Kendall temperature=100.1
10:21 Am 3/9/2018 child=Kendall temperature=99.8
10:38 Am 3/9/2018 child=Kendall temperature=99.9
10:58 Am 3/9/2018 child=Kendall temperature=99.6
11:15 Am 3/9/2018 child=Kendall temperature=100.0
11:32 Am 3/9/2018 child=Kendall temperature=100.1
11:49 Am 3/9/2018 child=Kendall temperature=100.0
12:08 Pm 3/9/2018 child=Kendall temperature=99.6
12:28 Pm 3/9/2018 child=Kendall temperature=99.7 medicine=Acetaminophen
12:41 Pm 3/9/2018 child=Kendall temperature=99.3
12:57 Pm 3/9/2018 child=Kendall temperature=99.2
01:13 Pm 3/9/2018 child=Kendall temperature=99.3
01:33 Pm 3/9/2018 child=Kendall temperature=99.5
01:49 Pm 3/9/2018 child=Kendall temperature=99.7
02:02 Pm 3/9/2018 child=Kendall temperature=99.5
02:20 Pm 3/9/2018 child=Kendall temperature=99.2
02:34 Pm 3/9/2018 child=Kendall temperature=98.8
02:52 Pm 3/9/2018 child=Kendall temperature=99.1
03:09 Pm 3/9/2018 child=Kendall temperature=99.3
03:25 Pm 3/9/2018 child=Kendall temperature=99.2
03:42 Pm 3/9/2018 child=Kendall temperature=98.8
04:02 Pm 3/9/2018 child=Kendall temperature=99.1
04:17 Pm 3/9/2018 child=Kendall temperature=99.3 medicine=Ibuprofen
04:33 Pm 3/9/2018 child=Kendall temperature=99.7
04:53 Pm 3/9/2018 child=Kendall temperature=99.4
05:07 Pm 3/9/2018 child=Kendall temperature=99.3
05:21 Pm 3/9/2018 child=Kendall temperature=99.2
05:40 Pm 3/9/2018 child=Kendall temperature=99.3
05:55 Pm 3/9/2018 child=Kendall temperature=98.9
06:11 Pm 3/9/2018 child=Kendall temperature=99.1
06:31 Pm 3/9/2018 child=Kendall temperature=98.9
06:47 Pm 3/9/2018 child=Kendall temperature=99.1
07:02 Pm 3/9/2018 child=Kendall temperature=99.4
07:17 Pm 3/9/2018 child=Kendall temperature=99.6
07:36 Pm 3/9/2018 child=Kendall temperature=99.8
07:51 Pm 3/9/2018 child=Kendall temperature=100.0
08:09 Pm 3/9/2018 child=Kendall temperature=99.6
08:28 Pm 3/9/2018 child=Kendall temperature=100.0 medicine=Acetaminophen
08:44 Pm 3/9/2018 child=Kendall temperature=100.2
08:57 Pm 3/9/2018 child=Kendall temperature=100.0
09:10 Pm 3/9/2018 child=Kendall temperature=99.7
08:19 Am 3/9/2018 child=Lily temperature=100.7
08:36 Am 3/9/2018 child=Lily temperature=100.4 medicine=Ibuprofen
08:54 Am 3/9/2018 child=Lily temperature=100.2
09:07 Am 3/9/2018 child=Lily temperature=100.4
09:20 Am 3/9/2018 child=Lily temperature=100.3
09:33 Am 3/9/2018 child=Lily temperature=100.0
09:47 Am 3/9/2018 child=Lily temperature=100.1
10:02 Am 3/9/2018 child=Lily temperature=100.2
10:18 Am 3/9/2018 child=Lily temperature=100.1
10:34 Am 3/9/2018 child=Lily temperature=100.5
10:53 Am 3/9/2018 child=Lily temperature=100.9
11:10 Am 3/9/2018 child=Lily temperature=101.1
11:23 Am 3/9/2018 child=Lily temperature=101.4
11:41 Am 3/9/2018 child=Lily temperature=101.0
11:57 Am 3/9/2018 child=Lily temperature=101.2
12:14 Pm 3/9/2018 child=Lily temperature=100.8
12:27 Pm 3/9/2018 child=Lily temperature=100.7 medicine=Acetaminophen
12:45 Pm 3/9/2018 child=Lily temperature=101.0
01:01 Pm 3/9/2018 child=Lily temperature=101.4
01:15 Pm 3/9/2018 child=Lily temperature=101.0
01:29 Pm 3/9/2018 child=Lily temperature=101.4
01:46 Pm 3/9/2018 child=Lily temperature=101.2
02:06 Pm 3/9/2018 child=Lily temperature=101.1
02:19 Pm 3/9/2018 child=Lily temperature=101.5
02:39 Pm 3/9/2018 child=Lily temperature=101.1
02:58 Pm 3/9/2018 child=Lily temperature=101.4
03:12 Pm 3/9/2018 child=Lily temperature=101.5
03:31 Pm 3/9/2018 child=Lily temperature=101.9
03:48 Pm 3/9/2018 child=Lily temperature=101.8
04:03 Pm 3/9/2018 child=Lily temperature=101.9
04:16 Pm 3/9/2018 child=Lily temperature=101.7 medicine=Ibuprofen
04:30 Pm 3/9/2018 child=Lily temperature=101.5
04:49 Pm 3/9/2018 child=Lily temperature=101.3
05:05 Pm 3/9/2018 child=Lily temperature=101.0
05:24 Pm 3/9/2018 child=Lily temperature=100.6
05:37 Pm 3/9/2018 child=Lily temperature=101.0
05:50 Pm 3/9/2018 child=Lily temperature=100.7
06:05 Pm 3/9/2018 child=Lily temperature=100.4
06:25 Pm 3/9/2018 child=Lily temperature=100.8
06:45 Pm 3/9/2018 child=Lily temperature=101.0
07:05 Pm 3/9/2018 child=Lily temperature=101.3
07:25 Pm 3/9/2018 child=Lily temperature=100.9
07:39 Pm 3/9/2018 child=Lily temperature=101.3
07:53 Pm 3/9/2018 child=Lily temperature=101.6
08:06 Pm 3/9/2018 child=Lily temperature=101.2
08:19 Pm 3/9/2018 child=Lily temperature=101.1 medicine=Acetaminophen
08:35 Pm 3/9/2018 child=Lily temperature=101.0
08:53 Pm 3/9/2018 child=Lily temperature=100.8
